<?xml version="1.0" encoding="utf-8"?><testsuites name="pytest tests"><testsuite name="pytest" errors="0" failures="0" skipped="0" tests="74" time="4.085" timestamp="2026-09-14T07:10:55.986235+00:00" hostname="vm"><testcase classname="tests.test_aggregation" name="test_all_three_forms_bounded_0_1_random_inputs" time="0.004" /><testcase classname="tests.test_aggregation" name="test_additive_can_overstate_imbalanced_circuit" time="0.000" /><testcase classname="tests.test_aggregation" name="test_conjunctive_and_min_correctly_punish_imbalance" time="0.000" /><testcase classname="tests.test_aggregation" name="test_symmetry_penalty_is_bounded_not_boosting" time="0.000" /><testcase classname="tests.test_aggregation" name="test_conjunctive_never_exceeds_1_even_at_extremes" time="0.000" /><testcase classname="tests.test_aggregation" name="test_conservative_equals_min_at_gamma_delta_zero" time="0.000" /><testcase classname="tests.test_aggregation" name="test_not_applicable_a_top_raises_for_all_forms" time="0.000" /><testcase classname="tests.test_aggregation" name="test_out_of_range_inputs_rejected_not_silently_clipped" time="0.000" /><testcase classname="tests.test_aggregation" name="test_weights_gamma_delta_out_of_0_1_rejected" time="0.000" /><testcase classname="tests.test_aggregation" name="test_alpha_beta_times_must_be_positive" time="0.000" /><testcase classname="tests.test_aggregation" name="test_epsilon_shifted_log_near_zero_stability" time="0.000" /><testcase classname="tests.test_aggregation" name="test_epsilon_shifted_log_rejects_non_positive_epsilon" time="0.000" /><testcase classname="tests.test_aggregation" name="test_epsilon_shifted_log_rejects_out_of_range_x" time="0.000" /><testcase classname="tests.test_circuits" name="test_single_hit_accessible_frequencies_basic" time="0.000" /><testcase classname="tests.test_circuits" name="test_multi_layer_extends_frequency_range" time="0.000" /><testcase classname="tests.test_circuits" name="test_frequency_multiplier_extends_spectrum" time="0.000" /><testcase classname="tests.test_circuits" name="test_unused_variable_only_zero_frequency" time="0.000" /><testcase classname="tests.test_circuits" name="test_entangling_layouts_have_expected_edge_counts" time="0.000" /><testcase classname="tests.test_circuits" name="test_random_fixed_degree_deterministic_given_seed" time="0.000" /><testcase classname="tests.test_circuits" name="test_complexity_matching_exact_and_tolerant" time="0.000" /><testcase classname="tests.test_circuits" name="test_seed_registry_independent_streams" time="0.000" /><testcase classname="tests.test_circuits" name="test_seed_registry_reproducible_given_same_master_seed" time="0.000" /><testcase classname="tests.test_circuits" name="test_seed_registry_unknown_purpose_raises" time="0.000" /><testcase classname="tests.test_circuits" name="test_minimum_seeds_enforced" time="0.000" /><testcase classname="tests.test_circuits" name="test_fixed_seed_list_has_at_least_10" time="0.000" /><testcase classname="tests.test_no_leakage" name="test_disjoint_splits_pass" time="0.000" /><testcase classname="tests.test_no_leakage" name="test_overlapping_splits_raise_leakage_error" time="0.000" /><testcase classname="tests.test_no_leakage" name="test_empty_calibration_raises" time="0.000" /><testcase classname="tests.test_no_leakage" name="test_incremental_r2_raises_on_overlapping_ids" time="0.000" /><testcase classname="tests.test_no_leakage" name="test_incremental_r2_succeeds_on_disjoint_ids" time="0.003" /><testcase classname="tests.test_no_leakage" name="test_performance_series_rejects_lower_is_better" time="0.000" /><testcase classname="tests.test_no_leakage" name="test_mse_transform_produces_higher_is_better_series" time="0.000" /><testcase classname="tests.test_no_leakage" name="test_mse_transform_handles_zero_mse_without_inf" time="0.000" /><testcase classname="tests.test_regression_protocol" name="test_fit_additive_returns_nonnegative_coefficients" time="0.001" /><testcase classname="tests.test_regression_protocol" name="test_fit_conjunctive_requires_explicit_epsilon" time="0.000" /><testcase classname="tests.test_regression_protocol" name="test_fit_conjunctive_recovers_approximately_correct_exponents" time="0.002" /><testcase classname="tests.test_regression_protocol" name="test_epsilon_sensitivity_sweep_reports_without_selecting" time="0.002" /><testcase classname="tests.test_regression_protocol" name="test_fit_handles_near_zero_a_spec_without_crashing" time="0.001" /><testcase classname="tests.test_spectral" name="test_perfect_spectral_alignment" time="0.000" /><testcase classname="tests.test_spectral" name="test_zero_spectral_alignment" time="0.000" /><testcase classname="tests.test_spectral" name="test_partial_spectral_alignment_multi_term" time="0.000" /><testcase classname="tests.test_spectral" name="test_a_spec_bounds_always_0_1" time="0.002" /><testcase classname="tests.test_spectral" name="test_zero_total_power_raises" time="0.000" /><testcase classname="tests.test_spectral" name="test_lower_bound_diagnostic_consistency" time="0.000" /><testcase classname="tests.test_spectral" name="test_lower_bound_is_not_a_trainability_claim" time="0.000" /><testcase classname="tests.test_statistics" name="test_manifest_cannot_add_test_after_freeze" time="0.000" /><testcase classname="tests.test_statistics" name="test_manifest_duplicate_declaration_raises" time="0.000" /><testcase classname="tests.test_statistics" name="test_bh_correction_requires_exact_match_to_manifest" time="0.000" /><testcase classname="tests.test_statistics" name="test_bh_correction_basic_behavior" time="0.000" /><testcase classname="tests.test_statistics" name="test_cohens_f2_conversion" time="0.000" /><testcase classname="tests.test_statistics" name="test_power_analysis_respects_floor" time="1.349" /><testcase classname="tests.test_statistics" name="test_power_analysis_can_exceed_floor_for_small_effects" time="1.177" /><testcase classname="tests.test_statistics" name="test_kendall_tau_with_ci_reasonable_range" time="0.053" /><testcase classname="tests.test_statistics" name="test_compare_dependent_correlations_detects_clear_difference" time="0.289" /><testcase classname="tests.test_statistics" name="test_aggregate_seeds_per_circuit_collapses_correctly" time="0.000" /><testcase classname="tests.test_statistics" name="test_hierarchical_bootstrap_resamples_circuits_not_seeds" time="0.006" /><testcase classname="tests.test_topology" name="test_amplitude_encoding_not_applicable" time="0.000" /><testcase classname="tests.test_topology" name="test_unknown_encoding_raises_rather_than_assumes" time="0.000" /><testcase classname="tests.test_topology" name="test_binary_perfect_topological_alignment" time="0.001" /><testcase classname="tests.test_topology" name="test_binary_zero_topological_alignment" time="0.000" /><testcase classname="tests.test_topology" name="test_binary_partial_topological_alignment" time="0.000" /><testcase classname="tests.test_topology" name="test_binary_bounds_always_0_1" time="0.002" /><testcase classname="tests.test_topology" name="test_empty_task_graph_raises" time="0.000" /><testcase classname="tests.test_topology" name="test_kappa_exact_bounds" time="0.001" /><testcase classname="tests.test_topology" name="test_weighted_topological_alignment_matches_manual_computation" time="0.000" /><testcase classname="tests.test_topology" name="test_weighted_topology_rejects_out_of_bounds_kappa" time="0.000" /><testcase classname="tests.test_topology" name="test_conjecture_not_asserted_as_theorem" time="0.000" /><testcase classname="tests.test_weighted_topology_dp" name="test_dp_approximation_bounded_0_1" time="0.000" /><testcase classname="tests.test_weighted_topology_dp" name="test_spectral_approx_bounded_0_1" time="0.001" /><testcase classname="tests.test_weighted_topology_dp" name="test_validation_report_structure" time="0.001" /><testcase classname="tests.test_weighted_topology_dp" name="test_transfer_freeze_and_apply" time="0.000" /><testcase classname="tests.test_weighted_topology_dp" name="test_transfer_forbids_recalibration_on_held_out_thats_also_source" time="0.000" /><testcase classname="tests.test_weighted_topology_dp" name="test_held_out_family_selection_is_a_random_draw_not_hand_picked" time="0.000" /><testcase classname="tests.test_weighted_topology_dp" name="test_held_out_family_selection_requires_multiple_candidates" time="0.000" /></testsuite></testsuites>